Line 1130: Class SHDocVwCtl.WebBrowser of control ControlWeb was not a loaded control class.
Line 1176: Class MSWinsockLib.Winsock of control Winsock1 was not a loaded control class.
Line 1137: The property name ExtentX in ControlWeb is invalid.
Line 1138: The property name ExtentY in ControlWeb is invalid.
Line 1139: The property name ViewMode in ControlWeb is invalid.
Line 1140: The property name Offline in ControlWeb is invalid.
Line 1141: The property name Silent in ControlWeb is invalid.
Line 1142: The property name RegisterAsBrowser in ControlWeb is invalid.
Line 1143: The property name RegisterAsDropTarget in ControlWeb is invalid.
Line 1144: The property name AutoArrange in ControlWeb is invalid.
Line 1145: The property name NoClientEdge in ControlWeb is invalid.
Line 1146: The property name AlignLeft in ControlWeb is invalid.
Line 1147: The property name NoWebView in ControlWeb is invalid.
Line 1148: The property name HideFileNames in ControlWeb is invalid.
Line 1149: The property name SingleClick in ControlWeb is invalid.
Line 1150: The property name SingleSelection in ControlWeb is invalid.
Line 1151: The property name NoFolders in ControlWeb is invalid.
Line 1152: The property name Transparent in ControlWeb is invalid.
Line 1153: The property name ViewID in ControlWeb is invalid.
Line 1154: The property name Location in ControlWeb is invalid.
Line 1179: The property name _ExtentX in Winsock1 is invalid.
Line 1180: The property name _ExtentY in Winsock1 is invalid.
Line 1181: The property name _Version in Winsock1 is invalid.
Line 1137: The property name ExtentX in ControlWeb is invalid.
Line 1138: The property name ExtentY in ControlWeb is invalid.
Line 1139: The property name ViewMode in ControlWeb is invalid.
Line 1140: The property name Offline in ControlWeb is invalid.
Line 1141: The property name Silent in ControlWeb is invalid.
Line 1142: The property name RegisterAsBrowser in ControlWeb is invalid.
Line 1143: The property name RegisterAsDropTarget in ControlWeb is invalid.
Line 1144: The property name AutoArrange in ControlWeb is invalid.
Line 1145: The property name NoClientEdge in ControlWeb is invalid.
Line 1146: The property name AlignLeft in ControlWeb is invalid.
Line 1147: The property name NoWebView in ControlWeb is invalid.
Line 1148: The property name HideFileNames in ControlWeb is invalid.
Line 1149: The property name SingleClick in ControlWeb is invalid.
Line 1150: The property name SingleSelection in ControlWeb is invalid.
Line 1151: The property name NoFolders in ControlWeb is invalid.
Line 1152: The property name Transparent in ControlWeb is invalid.
Line 1153: The property name ViewID in ControlWeb is invalid.
Line 1154: The property name Location in ControlWeb is invalid.
Line 1179: The property name _ExtentX in Winsock1 is invalid.
Line 1180: The property name _ExtentY in Winsock1 is invalid.
Line 1181: The property name _Version in Winsock1 is invalid.
Line 1137: The property name ExtentX in ControlWeb is invalid.
Line 1138: The property name ExtentY in ControlWeb is invalid.
Line 1139: The property name ViewMode in ControlWeb is invalid.
Line 1140: The property name Offline in ControlWeb is invalid.
Line 1141: The property name Silent in ControlWeb is invalid.
Line 1142: The property name RegisterAsBrowser in ControlWeb is invalid.
Line 1143: The property name RegisterAsDropTarget in ControlWeb is invalid.
Line 1144: The property name AutoArrange in ControlWeb is invalid.
Line 1145: The property name NoClientEdge in ControlWeb is invalid.
Line 1146: The property name AlignLeft in ControlWeb is invalid.
Line 1147: The property name NoWebView in ControlWeb is invalid.
Line 1148: The property name HideFileNames in ControlWeb is invalid.
Line 1149: The property name SingleClick in ControlWeb is invalid.
Line 1150: The property name SingleSelection in ControlWeb is invalid.
Line 1151: The property name NoFolders in ControlWeb is invalid.
Line 1152: The property name Transparent in ControlWeb is invalid.
Line 1153: The property name ViewID in ControlWeb is invalid.
Line 1154: The property name Location in ControlWeb is invalid.
Line 1179: The property name _ExtentX in Winsock1 is invalid.
Line 1180: The property name _ExtentY in Winsock1 is invalid.
Line 1181: The property name _Version in Winsock1 is invalid.
Line 1137: The property name ExtentX in ControlWeb is invalid.
Line 1138: The property name ExtentY in ControlWeb is invalid.
Line 1139: The property name ViewMode in ControlWeb is invalid.
Line 1140: The property name Offline in ControlWeb is invalid.
Line 1141: The property name Silent in ControlWeb is invalid.
Line 1142: The property name RegisterAsBrowser in ControlWeb is invalid.
Line 1143: The property name RegisterAsDropTarget in ControlWeb is invalid.
Line 1144: The property name AutoArrange in ControlWeb is invalid.
Line 1145: The property name NoClientEdge in ControlWeb is invalid.
Line 1146: The property name AlignLeft in ControlWeb is invalid.
Line 1147: The property name NoWebView in ControlWeb is invalid.
Line 1148: The property name HideFileNames in ControlWeb is invalid.
Line 1149: The property name SingleClick in ControlWeb is invalid.
Line 1150: The property name SingleSelection in ControlWeb is invalid.
Line 1151: The property name NoFolders in ControlWeb is invalid.
Line 1152: The property name Transparent in ControlWeb is invalid.
Line 1153: The property name ViewID in ControlWeb is invalid.
Line 1154: The property name Location in ControlWeb is invalid.
Line 1179: The property name _ExtentX in Winsock1 is invalid.
Line 1180: The property name _ExtentY in Winsock1 is invalid.
Line 1181: The property name _Version in Winsock1 is invalid.
